<?xml version="1.0" encoding="UTF-8"?>
<!-- Generated by org.testng.reporters.JUnitReportReporter -->
<testsuite skipped="0" hostname="Pramod-PC" name="com.skynets.test.system.TestLoginSC001" tests="1" failures="0" timestamp="11 Dec 2016 07:04:27 GMT" time="5.851" errors="0">
  <testcase name="testLoginTC001" time="5.851" classname="com.skynets.test.system.TestLoginSC001"/>
</testsuite> <!-- com.skynets.test.system.TestLoginSC001 -->
